2025-09-05 15:22:25,864 INFO: Logging run of `manage.py deploy`...
2025-09-05 15:22:25,865 INFO: Created /Users/rod/PycharmProjects/FabricRoom/dsd_logs/dsd_2025-09-05-152225.log.
2025-09-05 15:22:25,865 INFO: 
2025-09-05 15:22:25,865 INFO: CLI args:
2025-09-05 15:22:25,865 INFO:   verbosity: 1
2025-09-05 15:22:25,865 INFO:   settings: None
2025-09-05 15:22:25,865 INFO:   pythonpath: None
2025-09-05 15:22:25,865 INFO:   traceback: False
2025-09-05 15:22:25,865 INFO:   no_color: False
2025-09-05 15:22:25,865 INFO:   force_color: False
2025-09-05 15:22:25,865 INFO:   automate_all: False
2025-09-05 15:22:25,865 INFO:   no_logging: False
2025-09-05 15:22:25,865 INFO:   ignore_unclean_git: False
2025-09-05 15:22:25,865 INFO:   deployed_project_name: 
2025-09-05 15:22:25,865 INFO:   region: us-3.platform.sh
2025-09-05 15:22:25,865 INFO:   unit_testing: False
2025-09-05 15:22:25,865 INFO:   e2e_testing: False
2025-09-05 15:22:25,967 INFO:   Using plugin: dsd_vps
2025-09-05 15:22:26,092 INFO: 
2025-09-05 15:22:26,092 INFO: Deployment target: VPS
2025-09-05 15:22:26,092 INFO: Local platform identified: macOS
2025-09-05 15:22:26,092 INFO: Local project name: FabricRoom
2025-09-05 15:22:26,092 INFO: Project root: /Users/rod/PycharmProjects/FabricRoom
2025-09-05 15:22:26,092 INFO: Found .git dir at /Users/rod/PycharmProjects/FabricRoom.
2025-09-05 15:22:26,092 INFO: 
2025-09-05 15:22:26,092 INFO: git status --porcelain
2025-09-05 15:22:26,117 INFO:  M FabricRoom/settings.py
2025-09-05 15:22:26,117 INFO: ?? dsd_logs/
2025-09-05 15:22:26,117 INFO: 
2025-09-05 15:22:26,117 INFO: git diff --unified=0
2025-09-05 15:22:26,136 INFO: diff --git a/FabricRoom/settings.py b/FabricRoom/settings.py
2025-09-05 15:22:26,137 INFO: index f68576e..2480840 100644
2025-09-05 15:22:26,137 INFO: --- a/FabricRoom/settings.py
2025-09-05 15:22:26,137 INFO: +++ b/FabricRoom/settings.py
2025-09-05 15:22:26,137 INFO: @@ -32,0 +33 @@ INSTALLED_APPS = [
2025-09-05 15:22:26,137 INFO: +    "django_simple_deploy",
2025-09-05 15:22:26,137 INFO: 
2025-09-05 15:22:26,137 INFO: No uncommitted changes, other than django-simple-deploy work.
2025-09-05 15:22:26,138 INFO: Added dsd_logs/ to .gitignore
2025-09-05 15:22:26,138 INFO: Dependency management system: req_txt
2025-09-05 15:22:26,138 INFO: Checking current project requirements...
2025-09-05 15:22:26,138 INFO:   Found existing dependencies:
2025-09-05 15:22:26,138 INFO:     asgiref
2025-09-05 15:22:26,138 INFO:     bleach
2025-09-05 15:22:26,138 INFO:     Django
2025-09-05 15:22:26,138 INFO:     django-environ
2025-09-05 15:22:26,138 INFO:     django-pandas
2025-09-05 15:22:26,138 INFO:     django-summernote
2025-09-05 15:22:26,138 INFO:     django-widget-tweaks
2025-09-05 15:22:26,138 INFO:     numpy
2025-09-05 15:22:26,138 INFO:     packaging
2025-09-05 15:22:26,138 INFO:     pandas
2025-09-05 15:22:26,138 INFO:     pillow
2025-09-05 15:22:26,138 INFO:     plotly
2025-09-05 15:22:26,138 INFO:     psycopg2
2025-09-05 15:22:26,138 INFO:     python-dateutil
2025-09-05 15:22:26,138 INFO:     pytz
2025-09-05 15:22:26,138 INFO:     six
2025-09-05 15:22:26,138 INFO:     sqlparse
2025-09-05 15:22:26,138 INFO:     tenacity
2025-09-05 15:22:26,138 INFO:     tzdata
2025-09-05 15:22:26,138 INFO:     webencodings
2025-09-05 15:22:26,138 INFO: 
2025-09-05 15:22:26,138 INFO: Looking for django-simple-deploy in requirements...
2025-09-05 15:22:26,139 INFO: 
2025-09-05 15:22:26,139 INFO: Looking for django-simple-deploy...
2025-09-05 15:22:26,139 INFO:   Added django-simple-deploy to requirements file.
2025-09-05 15:22:26,139 INFO: 
2025-09-05 15:22:26,139 INFO: Configuring project for deployment...
2025-09-05 15:22:26,139 INFO: Determining server username...
2025-09-05 15:22:26,139 INFO: Running server command over SSH...
2025-09-05 15:22:26,139 INFO:   command: uptime
