2025-09-05 15:48:53,110 INFO: Logging run of `manage.py deploy`...
2025-09-05 15:48:53,110 INFO: Created /Users/rod/PycharmProjects/FabricRoom/dsd_logs/dsd_2025-09-05-154853.log.
2025-09-05 15:48:53,110 INFO: 
2025-09-05 15:48:53,110 INFO: CLI args:
2025-09-05 15:48:53,110 INFO:   verbosity: 1
2025-09-05 15:48:53,110 INFO:   settings: None
2025-09-05 15:48:53,110 INFO:   pythonpath: None
2025-09-05 15:48:53,110 INFO:   traceback: False
2025-09-05 15:48:53,110 INFO:   no_color: False
2025-09-05 15:48:53,110 INFO:   force_color: False
2025-09-05 15:48:53,110 INFO:   automate_all: True
2025-09-05 15:48:53,110 INFO:   no_logging: False
2025-09-05 15:48:53,110 INFO:   ignore_unclean_git: False
2025-09-05 15:48:53,110 INFO:   deployed_project_name: 
2025-09-05 15:48:53,110 INFO:   region: us-3.platform.sh
2025-09-05 15:48:53,110 INFO:   unit_testing: False
2025-09-05 15:48:53,110 INFO:   e2e_testing: False
2025-09-05 15:48:53,208 INFO:   Using plugin: dsd_vps
2025-09-05 15:48:53,305 INFO: 
2025-09-05 15:48:53,305 INFO: Deployment target: VPS
2025-09-05 15:48:53,305 INFO: Local platform identified: macOS
2025-09-05 15:48:53,305 INFO: Local project name: FabricRoom
2025-09-05 15:48:53,305 INFO: Project root: /Users/rod/PycharmProjects/FabricRoom
2025-09-05 15:48:53,305 INFO: Found .git dir at /Users/rod/PycharmProjects/FabricRoom.
2025-09-05 15:48:53,305 INFO: 
2025-09-05 15:48:53,305 INFO: git status --porcelain
2025-09-05 15:48:53,328 INFO: 
2025-09-05 15:48:53,328 INFO: git diff --unified=0
2025-09-05 15:48:53,345 INFO: 
2025-09-05 15:48:53,346 INFO: No uncommitted changes, other than django-simple-deploy work.
2025-09-05 15:48:53,346 INFO: Dependency management system: req_txt
2025-09-05 15:48:53,346 INFO: Checking current project requirements...
2025-09-05 15:48:53,346 INFO:   Found existing dependencies:
2025-09-05 15:48:53,346 INFO:     asgiref
2025-09-05 15:48:53,346 INFO:     bleach
2025-09-05 15:48:53,346 INFO:     Django
2025-09-05 15:48:53,346 INFO:     django-environ
2025-09-05 15:48:53,346 INFO:     django-pandas
2025-09-05 15:48:53,346 INFO:     django-summernote
2025-09-05 15:48:53,346 INFO:     django-widget-tweaks
2025-09-05 15:48:53,346 INFO:     numpy
2025-09-05 15:48:53,346 INFO:     packaging
2025-09-05 15:48:53,346 INFO:     pandas
2025-09-05 15:48:53,346 INFO:     pillow
2025-09-05 15:48:53,347 INFO:     plotly
2025-09-05 15:48:53,347 INFO:     psycopg2
2025-09-05 15:48:53,347 INFO:     python-dateutil
2025-09-05 15:48:53,347 INFO:     pytz
2025-09-05 15:48:53,347 INFO:     six
2025-09-05 15:48:53,347 INFO:     sqlparse
2025-09-05 15:48:53,347 INFO:     tenacity
2025-09-05 15:48:53,347 INFO:     tzdata
2025-09-05 15:48:53,347 INFO:     webencodings
2025-09-05 15:48:53,347 INFO:     django-simple-deploy
2025-09-05 15:48:53,347 INFO: 
2025-09-05 15:48:53,347 INFO: Looking for django-simple-deploy in requirements...
2025-09-05 15:48:53,347 INFO: 
2025-09-05 15:48:53,347 INFO: Looking for django-simple-deploy...
2025-09-05 15:48:53,347 INFO:   Found django-simple-deploy in requirements file.
2025-09-05 15:48:53,347 INFO: 
2025-09-05 15:48:53,347 INFO: The --automate-all flag means django-simple-deploy will:
2025-09-05 15:48:53,347 INFO: - ...
2025-09-05 15:48:53,347 INFO: - Commit all changes to your project that are necessary for deployment.
2025-09-05 15:48:53,347 INFO: - Push these changes to the remote server.
2025-09-05 15:48:53,347 INFO: - Open your deployed project in a new browser tab.
2025-09-05 15:48:53,347 INFO: 
2025-09-05 15:48:53,347 INFO: Are you sure you want to do this? (yes|no) 
2025-09-05 15:49:02,262 INFO: yes
2025-09-05 15:49:02,263 INFO: Automating all steps...
2025-09-05 15:49:02,263 INFO: 
2025-09-05 15:49:02,263 INFO: Configuring project for deployment...
2025-09-05 15:49:02,264 INFO: Determining server username...
2025-09-05 15:49:02,264 INFO: Running server command over SSH...
2025-09-05 15:49:02,264 INFO:   command: uptime
2025-09-05 15:49:02,330 INFO: Connected (version 2.0, client OpenSSH_9.9p1)
2025-09-05 15:49:02,736 INFO: Authentication (publickey) failed.
2025-09-05 15:49:02,795 INFO: Authentication (publickey) failed.
2025-09-05 15:49:06,608 INFO: Authentication (password) failed.
2025-09-05 15:49:06,609 INFO:   Using root for now...
2025-09-05 15:49:06,609 INFO: Adding non-root user: django_user
2025-09-05 15:49:06,609 INFO: Running server command over SSH...
2025-09-05 15:49:06,609 INFO:   command: useradd -m django_user
2025-09-05 15:49:06,667 INFO: Connected (version 2.0, client OpenSSH_9.9p1)
2025-09-05 15:49:07,098 INFO: Authentication (publickey) failed.
2025-09-05 15:49:07,151 INFO: Authentication (publickey) failed.
2025-09-05 15:49:10,499 INFO: Authentication (password) failed.
