2025-09-05 15:41:40,924 INFO: Logging run of `manage.py deploy`...
2025-09-05 15:41:40,925 INFO: Created /Users/rod/PycharmProjects/FabricRoom/dsd_logs/dsd_2025-09-05-154140.log.
2025-09-05 15:41:40,925 INFO: 
2025-09-05 15:41:40,925 INFO: CLI args:
2025-09-05 15:41:40,925 INFO:   verbosity: 1
2025-09-05 15:41:40,925 INFO:   settings: None
2025-09-05 15:41:40,925 INFO:   pythonpath: None
2025-09-05 15:41:40,925 INFO:   traceback: False
2025-09-05 15:41:40,925 INFO:   no_color: False
2025-09-05 15:41:40,925 INFO:   force_color: False
2025-09-05 15:41:40,925 INFO:   automate_all: True
2025-09-05 15:41:40,925 INFO:   no_logging: False
2025-09-05 15:41:40,925 INFO:   ignore_unclean_git: False
2025-09-05 15:41:40,925 INFO:   deployed_project_name: 
2025-09-05 15:41:40,925 INFO:   region: us-3.platform.sh
2025-09-05 15:41:40,925 INFO:   unit_testing: False
2025-09-05 15:41:40,925 INFO:   e2e_testing: False
2025-09-05 15:41:41,033 INFO:   Using plugin: dsd_vps
2025-09-05 15:41:41,185 INFO: 
2025-09-05 15:41:41,185 INFO: Deployment target: VPS
2025-09-05 15:41:41,185 INFO: Local platform identified: macOS
2025-09-05 15:41:41,185 INFO: Local project name: FabricRoom
2025-09-05 15:41:41,185 INFO: Project root: /Users/rod/PycharmProjects/FabricRoom
2025-09-05 15:41:41,185 INFO: Found .git dir at /Users/rod/PycharmProjects/FabricRoom.
2025-09-05 15:41:41,185 INFO: 
2025-09-05 15:41:41,185 INFO: git status --porcelain
2025-09-05 15:41:41,211 INFO:  M .gitignore
2025-09-05 15:41:41,211 INFO: 
2025-09-05 15:41:41,211 INFO: git diff --unified=0
2025-09-05 15:41:41,231 INFO: diff --git a/.gitignore b/.gitignore
2025-09-05 15:41:41,231 INFO: index e744178..086909e 100644
2025-09-05 15:41:41,231 INFO: --- a/.gitignore
2025-09-05 15:41:41,231 INFO: +++ b/.gitignore
2025-09-05 15:41:41,231 INFO: @@ -19 +19,2 @@ debug.log
2025-09-05 15:41:41,231 INFO: -.idea
2025-09-05 15:41:41,231 INFO: \ No newline at end of file
2025-09-05 15:41:41,231 INFO: +.idea
2025-09-05 15:41:41,231 INFO: +dsd_logs/
2025-09-05 15:41:41,231 INFO: 
2025-09-05 15:41:41,231 INFO: 
2025-09-05 15:41:41,231 INFO: DSDCommandError:
2025-09-05 15:41:41,231 INFO: 
2025-09-05 15:41:41,231 INFO: The output of `git status` indicates that you have uncommitted changes.
2025-09-05 15:41:41,231 INFO: 
2025-09-05 15:41:41,231 INFO: We highly recommend you commit all changes before running the deploy command,
2025-09-05 15:41:41,231 INFO: so you can easily undo configuration changes if deployment doesn't work, or if
2025-09-05 15:41:41,231 INFO: you wish to deploy to a different platform.
2025-09-05 15:41:41,231 INFO: 
2025-09-05 15:41:41,231 INFO: Please commit all changes and then run the deploy command again. If you really
2025-09-05 15:41:41,231 INFO: wish to continue without committing current changes, you can use
2025-09-05 15:41:41,231 INFO: the --ignore-unclean-git flag.
2025-09-05 15:41:41,231 INFO: 
2025-09-05 15:41:41,231 INFO: It's especially important to have a clean status when using the --automate-all
2025-09-05 15:41:41,231 INFO: flag. In this case, django-simple-deploy will make commits on your behalf. It's a
2025-09-05 15:41:41,231 INFO: really good idea to keep your commits separate from the commits that
2025-09-05 15:41:41,231 INFO: django-simple-deploy makes.
