2025-09-05 15:44:08,097 INFO: Logging run of `manage.py deploy`...
2025-09-05 15:44:08,097 INFO: Created /Users/rod/PycharmProjects/FabricRoom/dsd_logs/dsd_2025-09-05-154408.log.
2025-09-05 15:44:08,097 INFO: 
2025-09-05 15:44:08,097 INFO: CLI args:
2025-09-05 15:44:08,097 INFO:   verbosity: 1
2025-09-05 15:44:08,097 INFO:   settings: None
2025-09-05 15:44:08,097 INFO:   pythonpath: None
2025-09-05 15:44:08,097 INFO:   traceback: False
2025-09-05 15:44:08,097 INFO:   no_color: False
2025-09-05 15:44:08,097 INFO:   force_color: False
2025-09-05 15:44:08,097 INFO:   automate_all: True
2025-09-05 15:44:08,097 INFO:   no_logging: False
2025-09-05 15:44:08,097 INFO:   ignore_unclean_git: False
2025-09-05 15:44:08,097 INFO:   deployed_project_name: 
2025-09-05 15:44:08,097 INFO:   region: us-3.platform.sh
2025-09-05 15:44:08,097 INFO:   unit_testing: False
2025-09-05 15:44:08,097 INFO:   e2e_testing: False
2025-09-05 15:44:08,206 INFO:   Using plugin: dsd_vps
2025-09-05 15:44:08,350 INFO: 
2025-09-05 15:44:08,350 INFO: Deployment target: VPS
2025-09-05 15:44:08,351 INFO: Local platform identified: macOS
2025-09-05 15:44:08,351 INFO: Local project name: FabricRoom
2025-09-05 15:44:08,351 INFO: Project root: /Users/rod/PycharmProjects/FabricRoom
2025-09-05 15:44:08,351 INFO: Found .git dir at /Users/rod/PycharmProjects/FabricRoom.
2025-09-05 15:44:08,351 INFO: 
2025-09-05 15:44:08,351 INFO: git status --porcelain
2025-09-05 15:44:08,374 INFO: 
2025-09-05 15:44:08,374 INFO: git diff --unified=0
2025-09-05 15:44:08,391 INFO: 
2025-09-05 15:44:08,391 INFO: No uncommitted changes, other than django-simple-deploy work.
2025-09-05 15:44:08,392 INFO: Dependency management system: req_txt
2025-09-05 15:44:08,392 INFO: Checking current project requirements...
2025-09-05 15:44:08,392 INFO:   Found existing dependencies:
2025-09-05 15:44:08,392 INFO:     asgiref
2025-09-05 15:44:08,392 INFO:     bleach
2025-09-05 15:44:08,392 INFO:     Django
2025-09-05 15:44:08,392 INFO:     django-environ
2025-09-05 15:44:08,392 INFO:     django-pandas
2025-09-05 15:44:08,392 INFO:     django-summernote
2025-09-05 15:44:08,392 INFO:     django-widget-tweaks
2025-09-05 15:44:08,392 INFO:     numpy
2025-09-05 15:44:08,392 INFO:     packaging
2025-09-05 15:44:08,392 INFO:     pandas
2025-09-05 15:44:08,392 INFO:     pillow
2025-09-05 15:44:08,392 INFO:     plotly
2025-09-05 15:44:08,392 INFO:     psycopg2
2025-09-05 15:44:08,392 INFO:     python-dateutil
2025-09-05 15:44:08,392 INFO:     pytz
2025-09-05 15:44:08,392 INFO:     six
2025-09-05 15:44:08,392 INFO:     sqlparse
2025-09-05 15:44:08,392 INFO:     tenacity
2025-09-05 15:44:08,392 INFO:     tzdata
2025-09-05 15:44:08,392 INFO:     webencodings
2025-09-05 15:44:08,393 INFO:     django-simple-deploy
2025-09-05 15:44:08,393 INFO: 
2025-09-05 15:44:08,393 INFO: Looking for django-simple-deploy in requirements...
2025-09-05 15:44:08,393 INFO: 
2025-09-05 15:44:08,393 INFO: Looking for django-simple-deploy...
2025-09-05 15:44:08,393 INFO:   Found django-simple-deploy in requirements file.
2025-09-05 15:44:08,393 INFO: 
2025-09-05 15:44:08,393 INFO: The --automate-all flag means django-simple-deploy will:
2025-09-05 15:44:08,393 INFO: - ...
2025-09-05 15:44:08,393 INFO: - Commit all changes to your project that are necessary for deployment.
2025-09-05 15:44:08,393 INFO: - Push these changes to the remote server.
2025-09-05 15:44:08,393 INFO: - Open your deployed project in a new browser tab.
2025-09-05 15:44:08,393 INFO: 
2025-09-05 15:44:08,393 INFO: Are you sure you want to do this? (yes|no) 
2025-09-05 15:44:12,888 INFO: yes
2025-09-05 15:44:12,889 INFO: Automating all steps...
2025-09-05 15:44:12,889 INFO: 
2025-09-05 15:44:12,889 INFO: Configuring project for deployment...
2025-09-05 15:44:12,889 INFO: Determining server username...
2025-09-05 15:44:12,890 INFO: Running server command over SSH...
2025-09-05 15:44:12,890 INFO:   command: uptime
2025-09-05 15:44:12,961 INFO: Connected (version 2.0, client OpenSSH_9.9p1)
2025-09-05 15:44:13,407 INFO: Authentication (publickey) failed.
2025-09-05 15:44:13,466 INFO: Authentication (publickey) failed.
2025-09-05 15:44:15,385 INFO: Authentication (password) failed.
2025-09-05 15:44:15,386 INFO:   Using root for now...
2025-09-05 15:44:15,386 INFO: Adding non-root user: django_user
2025-09-05 15:44:15,386 INFO: Running server command over SSH...
2025-09-05 15:44:15,386 INFO:   command: useradd -m django_user
2025-09-05 15:44:15,457 INFO: Connected (version 2.0, client OpenSSH_9.9p1)
2025-09-05 15:44:15,907 INFO: Authentication (publickey) failed.
2025-09-05 15:44:15,969 INFO: Authentication (publickey) failed.
2025-09-05 15:44:19,380 INFO: Authentication (password) failed.
