2025-09-05 15:58:18,141 INFO: Logging run of `manage.py deploy`...
2025-09-05 15:58:18,141 INFO: Created /Users/rod/PycharmProjects/FabricRoom/dsd_logs/dsd_2025-09-05-155818.log.
2025-09-05 15:58:18,141 INFO: 
2025-09-05 15:58:18,141 INFO: CLI args:
2025-09-05 15:58:18,141 INFO:   verbosity: 1
2025-09-05 15:58:18,141 INFO:   settings: None
2025-09-05 15:58:18,141 INFO:   pythonpath: None
2025-09-05 15:58:18,141 INFO:   traceback: False
2025-09-05 15:58:18,141 INFO:   no_color: False
2025-09-05 15:58:18,141 INFO:   force_color: False
2025-09-05 15:58:18,141 INFO:   automate_all: True
2025-09-05 15:58:18,141 INFO:   no_logging: False
2025-09-05 15:58:18,141 INFO:   ignore_unclean_git: False
2025-09-05 15:58:18,141 INFO:   deployed_project_name: 
2025-09-05 15:58:18,141 INFO:   region: us-3.platform.sh
2025-09-05 15:58:18,141 INFO:   unit_testing: False
2025-09-05 15:58:18,141 INFO:   e2e_testing: False
2025-09-05 15:58:18,249 INFO:   Using plugin: dsd_vps
2025-09-05 15:58:18,402 INFO: 
2025-09-05 15:58:18,402 INFO: Deployment target: VPS
2025-09-05 15:58:18,402 INFO: Local platform identified: macOS
2025-09-05 15:58:18,402 INFO: Local project name: FabricRoom
2025-09-05 15:58:18,402 INFO: Project root: /Users/rod/PycharmProjects/FabricRoom
2025-09-05 15:58:18,402 INFO: Found .git dir at /Users/rod/PycharmProjects/FabricRoom.
2025-09-05 15:58:18,402 INFO: 
2025-09-05 15:58:18,402 INFO: git status --porcelain
2025-09-05 15:58:18,427 INFO: 
2025-09-05 15:58:18,427 INFO: git diff --unified=0
2025-09-05 15:58:18,445 INFO: 
2025-09-05 15:58:18,446 INFO: No uncommitted changes, other than django-simple-deploy work.
2025-09-05 15:58:18,446 INFO: Dependency management system: req_txt
2025-09-05 15:58:18,446 INFO: Checking current project requirements...
2025-09-05 15:58:18,446 INFO:   Found existing dependencies:
2025-09-05 15:58:18,446 INFO:     asgiref
2025-09-05 15:58:18,446 INFO:     bleach
2025-09-05 15:58:18,446 INFO:     Django
2025-09-05 15:58:18,446 INFO:     django-environ
2025-09-05 15:58:18,446 INFO:     django-pandas
2025-09-05 15:58:18,446 INFO:     django-summernote
2025-09-05 15:58:18,446 INFO:     django-widget-tweaks
2025-09-05 15:58:18,446 INFO:     numpy
2025-09-05 15:58:18,447 INFO:     packaging
2025-09-05 15:58:18,447 INFO:     pandas
2025-09-05 15:58:18,447 INFO:     pillow
2025-09-05 15:58:18,447 INFO:     plotly
2025-09-05 15:58:18,447 INFO:     psycopg2
2025-09-05 15:58:18,447 INFO:     python-dateutil
2025-09-05 15:58:18,447 INFO:     pytz
2025-09-05 15:58:18,447 INFO:     six
2025-09-05 15:58:18,447 INFO:     sqlparse
2025-09-05 15:58:18,447 INFO:     tenacity
2025-09-05 15:58:18,447 INFO:     tzdata
2025-09-05 15:58:18,447 INFO:     webencodings
2025-09-05 15:58:18,447 INFO:     django-simple-deploy
2025-09-05 15:58:18,447 INFO:     gunicorn
2025-09-05 15:58:18,447 INFO: 
2025-09-05 15:58:18,447 INFO: Looking for django-simple-deploy in requirements...
2025-09-05 15:58:18,447 INFO: 
2025-09-05 15:58:18,447 INFO: Looking for django-simple-deploy...
2025-09-05 15:58:18,447 INFO:   Found django-simple-deploy in requirements file.
2025-09-05 15:58:18,447 INFO: 
2025-09-05 15:58:18,447 INFO: The --automate-all flag means django-simple-deploy will:
2025-09-05 15:58:18,447 INFO: - ...
2025-09-05 15:58:18,447 INFO: - Commit all changes to your project that are necessary for deployment.
2025-09-05 15:58:18,447 INFO: - Push these changes to the remote server.
2025-09-05 15:58:18,447 INFO: - Open your deployed project in a new browser tab.
2025-09-05 15:58:18,447 INFO: 
2025-09-05 15:58:18,447 INFO: Are you sure you want to do this? (yes|no) 
2025-09-05 15:58:20,770 INFO: yes
2025-09-05 15:58:20,771 INFO: Automating all steps...
2025-09-05 15:58:20,772 INFO: 
2025-09-05 15:58:20,772 INFO: Configuring project for deployment...
2025-09-05 15:58:20,772 INFO: Determining server username...
2025-09-05 15:58:20,772 INFO: Running server command over SSH...
2025-09-05 15:58:20,772 INFO:   command: uptime
2025-09-05 15:58:20,835 INFO: Connected (version 2.0, client OpenSSH_9.9p1)
2025-09-05 15:58:21,257 INFO: Authentication (publickey) failed.
2025-09-05 15:58:21,307 INFO: Authentication (publickey) failed.
2025-09-05 15:58:21,411 INFO: Authentication (password) successful!
2025-09-05 15:58:21,546 INFO: 22:58:21 up 4 min,  4 users,  load average: 0.70, 0.38, 0.17
2025-09-05 15:58:21,546 INFO:   username: django_user
2025-09-05 15:58:21,546 INFO: Configuring firewall...
2025-09-05 15:58:21,546 INFO: Running server command over SSH...
2025-09-05 15:58:21,546 INFO:   command: sudo ufw allow OpenSSH
2025-09-05 15:58:21,596 INFO: Connected (version 2.0, client OpenSSH_9.9p1)
2025-09-05 15:58:21,992 INFO: Authentication (publickey) failed.
2025-09-05 15:58:22,051 INFO: Authentication (publickey) failed.
2025-09-05 15:58:22,160 INFO: Authentication (password) successful!
2025-09-05 15:58:22,469 INFO: Skipping adding existing rule
2025-09-05 15:58:22,469 INFO: Skipping adding existing rule (v6)
2025-09-05 15:58:22,469 INFO: Running server command over SSH...
2025-09-05 15:58:22,470 INFO:   command: sudo ufw --force enable
2025-09-05 15:58:22,523 INFO: Connected (version 2.0, client OpenSSH_9.9p1)
2025-09-05 15:58:22,966 INFO: Authentication (publickey) failed.
2025-09-05 15:58:23,023 INFO: Authentication (publickey) failed.
2025-09-05 15:58:23,133 INFO: Authentication (password) successful!
2025-09-05 15:58:23,581 INFO: Firewall is active and enabled on system startup
2025-09-05 15:58:23,581 INFO: Running server command over SSH...
2025-09-05 15:58:23,581 INFO:   command: sudo ufw allow 80/tcp
2025-09-05 15:58:23,663 INFO: Connected (version 2.0, client OpenSSH_9.9p1)
2025-09-05 15:58:24,107 INFO: Authentication (publickey) failed.
2025-09-05 15:58:24,164 INFO: Authentication (publickey) failed.
2025-09-05 15:58:24,271 INFO: Authentication (password) successful!
2025-09-05 15:58:24,513 INFO: Skipping adding existing rule
2025-09-05 15:58:24,513 INFO: Skipping adding existing rule (v6)
2025-09-05 15:58:24,513 INFO: Running server command over SSH...
2025-09-05 15:58:24,513 INFO:   command: sudo ufw allow 443/tcp
2025-09-05 15:58:24,574 INFO: Connected (version 2.0, client OpenSSH_9.9p1)
2025-09-05 15:58:25,021 INFO: Authentication (publickey) failed.
2025-09-05 15:58:25,085 INFO: Authentication (publickey) failed.
2025-09-05 15:58:25,196 INFO: Authentication (password) successful!
2025-09-05 15:58:25,439 INFO: Skipping adding existing rule
2025-09-05 15:58:25,439 INFO: Skipping adding existing rule (v6)
2025-09-05 15:58:25,439 INFO: Updating server (this may take a few minutes)...
2025-09-05 15:58:25,439 INFO: Running server command over SSH...
2025-09-05 15:58:25,440 INFO:   command: sudo apt-get update && sudo DEBIAN_FRONTEND=noninteractive apt-get full-upgrade -y
2025-09-05 15:58:25,499 INFO: Connected (version 2.0, client OpenSSH_9.9p1)
2025-09-05 15:58:25,933 INFO: Authentication (publickey) failed.
2025-09-05 15:58:25,993 INFO: Authentication (publickey) failed.
2025-09-05 15:58:26,160 INFO: Authentication (password) successful!
2025-09-05 15:58:31,047 INFO: Hit:1 http://mirrors.digitalocean.com/ubuntu plucky InRelease
2025-09-05 15:58:31,047 INFO: Hit:2 https://repos-droplet.digitalocean.com/apt/droplet-agent main InRelease
2025-09-05 15:58:31,047 INFO: Get:3 https://dl.cloudsmith.io/public/caddy/stable/deb/debian any-version InRelease [14.8 kB]
2025-09-05 15:58:31,047 INFO: Hit:4 http://mirrors.digitalocean.com/ubuntu plucky-updates InRelease
2025-09-05 15:58:31,047 INFO: Hit:5 http://mirrors.digitalocean.com/ubuntu plucky-backports InRelease
2025-09-05 15:58:31,047 INFO: Hit:6 http://security.ubuntu.com/ubuntu plucky-security InRelease
2025-09-05 15:58:31,047 INFO: Fetched 14.8 kB in 2s (8531 B/s)
2025-09-05 15:58:31,048 INFO: Reading package lists...
2025-09-05 15:58:31,048 INFO: Reading package lists...
2025-09-05 15:58:31,048 INFO: Building dependency tree...
2025-09-05 15:58:31,048 INFO: Reading state information...
2025-09-05 15:58:31,048 INFO: Calculating upgrade...
2025-09-05 15:58:31,048 INFO: Calculating upgrade...
2025-09-05 15:58:31,048 INFO: The following upgrades have been deferred due to phasing:
2025-09-05 15:58:31,048 INFO:   fwupd landscape-common libfwupd3
2025-09-05 15:58:31,048 INFO: 0 upgraded, 0 newly installed, 0 to remove and 3 not upgraded.
2025-09-05 15:58:31,048 INFO:   Finished updating server.
2025-09-05 15:58:31,049 INFO: Checking if reboot required...
2025-09-05 15:58:31,049 INFO: Running server command over SSH...
2025-09-05 15:58:31,049 INFO:   (command not shown)
2025-09-05 15:58:31,130 INFO: Connected (version 2.0, client OpenSSH_9.9p1)
2025-09-05 15:58:31,574 INFO: Authentication (publickey) failed.
2025-09-05 15:58:31,632 INFO: Authentication (publickey) failed.
2025-09-05 15:58:31,758 INFO: Authentication (password) successful!
2025-09-05 15:58:31,895 INFO:   No reboot required.
2025-09-05 15:58:31,895 INFO: Installing uv...
2025-09-05 15:58:31,896 INFO: Running server command over SSH...
2025-09-05 15:58:31,896 INFO:   command: curl -LsSf https://astral.sh/uv/install.sh | sh
2025-09-05 15:58:31,955 INFO: Connected (version 2.0, client OpenSSH_9.9p1)
2025-09-05 15:58:32,406 INFO: Authentication (publickey) failed.
2025-09-05 15:58:32,459 INFO: Authentication (publickey) failed.
2025-09-05 15:58:32,564 INFO: Authentication (password) successful!
2025-09-05 15:58:33,824 INFO: no checksums to verify
2025-09-05 15:58:33,824 INFO: installing to /home/django_user/.local/bin
2025-09-05 15:58:33,824 INFO:   uv
2025-09-05 15:58:33,824 INFO:   uvx
2025-09-05 15:58:33,825 INFO: everything's installed!
2025-09-05 15:58:33,825 INFO: downloading uv 0.8.15 x86_64-unknown-linux-gnu
2025-09-05 15:58:33,825 INFO: Installing Python...
2025-09-05 15:58:33,825 INFO: Running server command over SSH...
2025-09-05 15:58:33,825 INFO:   command: /home/django_user/.local/bin/uv python install 3.12
2025-09-05 15:58:33,882 INFO: Connected (version 2.0, client OpenSSH_9.9p1)
2025-09-05 15:58:34,305 INFO: Authentication (publickey) failed.
2025-09-05 15:58:34,362 INFO: Authentication (publickey) failed.
2025-09-05 15:58:34,475 INFO: Authentication (password) successful!
2025-09-05 15:58:34,665 INFO: Initializing Git project on server...
2025-09-05 15:58:34,666 INFO: 
2025-09-05 15:58:34,666 INFO: DSDCommandError:
2025-09-05 15:58:34,666 INFO: Git ssh keyfile already exists at /Users/rod/.ssh/id_rsa_git.
